<?xml version="1.0" encoding="UTF-8" ?>
<testsuite failures="1" time="0.008" errors="0" skipped="0" tests="14" name="my.ilya.money.MoneyOperationTest">
  <properties>
[...]
</properties>
  <testcase time="0.002" classname="my.ilya.money.MoneyOperationTest" name="testReduceSum"/>
  <testcase time="0" classname="my.ilya.money.MoneyOperationTest" name="testSimpleAddition"/>
  <testcase time="0.002" classname="my.ilya.money.MoneyOperationTest" name="testSumTimes"/>
  <testcase time="0" classname="my.ilya.money.MoneyOperationTest" name="testMultiplication"/>
  <testcase time="0" classname="my.ilya.money.MoneyOperationTest" name="testSumPlusMoney"/>
  <testcase time="0.004" classname="my.ilya.money.MoneyOperationTest" name="testPlusSameCurrencyReturnsMoney">
    <failure type="java.lang.AssertionError">java.lang.AssertionError
	at org.junit.Assert.fail(Assert.java:86)
	at org.junit.Assert.assertTrue(Assert.java:41)
	at org.junit.Assert.assertTrue(Assert.java:52)
	at my.ilya.money.MoneyOperationTest.testPlusSameCurrencyReturnsMoney(MoneyOperationTest.java:118)
	at sun.reflect.NativeMethodAccessorImpl.invoke0(Native Method)
	at sun.reflect.NativeMethodAccessorImpl.invoke(NativeMethodAccessorImpl.java:39)
	at sun.reflect.DelegatingMethodAccessorImpl.invoke(DelegatingMethodAccessorImpl.java:25)
	at java.lang.reflect.Method.invoke(Method.java:597)
	at org.junit.runners.model.FrameworkMethod$1.runReflectiveCall(FrameworkMethod.java:50)
	at org.junit.internal.runners.model.ReflectiveCallable.run(ReflectiveCallable.java:12)
	at org.junit.runners.model.FrameworkMethod.invokeExplosively(FrameworkMethod.java:47)
	at org.junit.internal.runners.statements.InvokeMethod.evaluate(InvokeMethod.java:17)
	at org.junit.runners.ParentRunner.runLeaf(ParentRunner.java:325)
	at org.junit.runners.BlockJUnit4ClassRunner.runChild(BlockJUnit4ClassRunner.java:78)
	at org.junit.runners.BlockJUnit4ClassRunner.runChild(BlockJUnit4ClassRunner.java:57)
	at org.junit.runners.ParentRunner$3.run(ParentRunner.java:290)
	at org.junit.runners.ParentRunner$1.schedule(ParentRunner.java:71)
	at org.junit.runners.ParentRunner.runChildren(ParentRunner.java:288)
	at org.junit.runners.ParentRunner.access$000(ParentRunner.java:58)
	at org.junit.runners.ParentRunner$2.evaluate(ParentRunner.java:268)
	at org.junit.runners.ParentRunner.run(ParentRunner.java:363)
	at org.apache.maven.surefire.junit4.JUnit4Provider.execute(JUnit4Provider.java:252)
	at org.apache.maven.surefire.junit4.JUnit4Provider.executeTestSet(JUnit4Provider.java:141)
	at org.apache.maven.surefire.junit4.JUnit4Provider.invoke(JUnit4Provider.java:112)
	at sun.reflect.NativeMethodAccessorImpl.invoke0(Native Method)
	at sun.reflect.NativeMethodAccessorImpl.invoke(NativeMethodAccessorImpl.java:39)
	at sun.reflect.DelegatingMethodAccessorImpl.invoke(DelegatingMethodAccessorImpl.java:25)
	at java.lang.reflect.Method.invoke(Method.java:597)
	at org.apache.maven.surefire.util.ReflectionUtils.invokeMethodWithArray(ReflectionUtils.java:189)
	at org.apache.maven.surefire.booter.ProviderFactory$ProviderProxy.invoke(ProviderFactory.java:165)
	at org.apache.maven.surefire.booter.ProviderFactory.invokeProvider(ProviderFactory.java:85)
	at org.apache.maven.surefire.booter.ForkedBooter.runSuitesInProcess(ForkedBooter.java:115)
	at org.apache.maven.surefire.booter.ForkedBooter.main(ForkedBooter.java:75)
</failure>
  </testcase>
  <testcase time="0" classname="my.ilya.money.MoneyOperationTest" name="testMixedAddition"/>
  <testcase time="0" classname="my.ilya.money.MoneyOperationTest" name="testFrankMultiplication"/>
  <testcase time="0" classname="my.ilya.money.MoneyOperationTest" name="testReduceMoney"/>
  <testcase time="0" classname="my.ilya.money.MoneyOperationTest" name="testIdentityRate"/>
  <testcase time="0" classname="my.ilya.money.MoneyOperationTest" name="testCurrency"/>
  <testcase time="0" classname="my.ilya.money.MoneyOperationTest" name="testEquals"/>
  <testcase time="0" classname="my.ilya.money.MoneyOperationTest" name="testPlusReturnsSum"/>
  <testcase time="0" classname="my.ilya.money.MoneyOperationTest" name="testReduceMoneyDifferentCurrency"/>
</testsuite>